<?xml version="1.0" encoding="UTF-8"?>
<testng-results total="1" passed="1" failed="0" skipped="0">
  <reporter-output>
  </reporter-output>
  <suite started-at="2021-01-19T19:52:02Z" name="Default suite" finished-at="2021-01-19T19:52:16Z" duration-ms="13868">
    <groups>
    </groups>
    <test started-at="2021-01-19T19:52:02Z" name="Default test" finished-at="2021-01-19T19:52:16Z" duration-ms="13868">
      <class name="testCases.FileUploadMethod2">
        <test-method is-config="true" signature="setup()[pri:0, instance:testCases.FileUploadMethod2@5d7148e2]" started-at="2021-01-19T20:52:02Z" name="setup" finished-at="2021-01-19T20:52:06Z" duration-ms="4511" status="PASS">
          <reporter-output>
          </reporter-output>
        </test-method> <!-- setup -->
        <test-method signature="robotTest()[pri:0, instance:testCases.FileUploadMethod2@5d7148e2]" started-at="2021-01-19T20:52:06Z" name="robotTest" finished-at="2021-01-19T20:52:16Z" duration-ms="9325" status="PASS">
          <reporter-output>
          </reporter-output>
        </test-method> <!-- robotTest -->
        <test-method is-config="true" signature="tearDown()[pri:0, instance:testCases.FileUploadMethod2@5d7148e2]" started-at="2021-01-19T20:52:16Z" name="tearDown" finished-at="2021-01-19T20:52:16Z" duration-ms="0" status="PASS">
          <reporter-output>
          </reporter-output>
        </test-method> <!-- tearDown -->
      </class> <!-- testCases.FileUploadMethod2 -->
    </test> <!-- Default test -->
  </suite> <!-- Default suite -->
</testng-results>
